Bearbeiten KW28
Moving file J:\ALLE\PRESSE\HNA-Transfer Pressemitteilungen\2018\KW 28_2018\0 Titelseite\Titleseite-Nachfragebündelung-40.png to KW 28_2018/0 Titelseite/Titleseite-Nachfragebündelung-40.png...
Moving file J:\ALLE\PRESSE\HNA-Transfer Pressemitteilungen\2018\KW 28_2018\1 Aus dem Rathaus\2018-07-05 Staffelübergabe im Ortsgericht Fuldatal.docx to KW 28_2018/1 Aus dem Rathaus/2018-07-05 Staffelübergabe im Ortsgericht Fuldatal.docx...
Moving file J:\ALLE\PRESSE\HNA-Transfer Pressemitteilungen\2018\KW 28_2018\1 Aus dem Rathaus\Deutsche_Glasfaser_Stichtag_Espenau_Fuldatal.pdf to KW 28_2018/1 Aus dem Rathaus/Deutsche_Glasfaser_Stichtag_Espenau_Fuldatal.pdf...
Moving file J:\ALLE\PRESSE\HNA-Transfer Pressemitteilungen\2018\KW 28_2018\1 Aus dem Rathaus\Pr-fertige Paesse.docx to KW 28_2018/1 Aus dem Rathaus/Pr-fertige Paesse.docx...
Moving file J:\ALLE\PRESSE\HNA-Transfer Pressemitteilungen\2018\KW 28_2018\1 Aus dem Rathaus\PresseSOSRettungsdose.docx to KW 28_2018/1 Aus dem Rathaus/PresseSOSRettungsdose.docx...
Moving file J:\ALLE\PRESSE\HNA-Transfer Pressemitteilungen\2018\KW 28_2018\1 Aus dem Rathaus\Seniorenseite KW 28.pdf to KW 28_2018/1 Aus dem Rathaus/Seniorenseite KW 28.pdf...
Moving file J:\ALLE\PRESSE\HNA-Transfer Pressemitteilungen\2018\KW 28_2018\1 Aus dem Rathaus\Sommerfest2018.docx to KW 28_2018/1 Aus dem Rathaus/Sommerfest2018.docx...
Moving file J:\ALLE\PRESSE\HNA-Transfer Pressemitteilungen\2018\KW 28_2018\1 Aus dem Rathaus\StellenausschreibungAushilfen.pdf to KW 28_2018/1 Aus dem Rathaus/StellenausschreibungAushilfen.pdf...
Moving file J:\ALLE\PRESSE\HNA-Transfer Pressemitteilungen\2018\KW 28_2018\1 Aus dem Rathaus\Veranstaltungen 2018 neu.jpg to KW 28_2018/1 Aus dem Rathaus/Veranstaltungen 2018 neu.jpg...
Moving file J:\ALLE\PRESSE\HNA-Transfer Pressemitteilungen\2018\KW 28_2018\1 Aus dem Rathaus\WirsuchenFahrerneu.docx to KW 28_2018/1 Aus dem Rathaus/WirsuchenFahrerneu.docx...
Moving file J:\ALLE\PRESSE\HNA-Transfer Pressemitteilungen\2018\KW 28_2018\1 Aus dem Rathaus\zrk.docx to KW 28_2018/1 Aus dem Rathaus/zrk.docx...
Moving file J:\ALLE\PRESSE\HNA-Transfer Pressemitteilungen\2018\KW 28_2018\2 Amtliche Bekanntmachungen\2018.07.05 Amtliche Bekanntmachung.docx to KW 28_2018/2 Amtliche Bekanntmachungen/2018.07.05 Amtliche Bekanntmachung.docx...
Moving file J:\ALLE\PRESSE\HNA-Transfer Pressemitteilungen\2018\KW 28_2018\2 Amtliche Bekanntmachungen\20180712_FB2_AB_Bekanntmachung Jahresabschluss 2015.pdf to KW 28_2018/2 Amtliche Bekanntmachungen/20180712_FB2_AB_Bekanntmachung Jahresabschluss 2015.pdf...
Moving file J:\ALLE\PRESSE\HNA-Transfer Pressemitteilungen\2018\KW 28_2018\2 Amtliche Bekanntmachungen\Hinweisbekanntmachung Sonstige.docx to KW 28_2018/2 Amtliche Bekanntmachungen/Hinweisbekanntmachung Sonstige.docx...
Moving file J:\ALLE\PRESSE\HNA-Transfer Pressemitteilungen\2018\KW 28_2018\4 Wir gratulieren\20180627herr_jub ab 13.07.2018.docx to KW 28_2018/4 Wir gratulieren/20180627herr_jub ab 13.07.2018.docx...
Moving file J:\ALLE\PRESSE\HNA-Transfer Pressemitteilungen\2018\KW 28_2018\5 Bereitschaftsdienste\Bereitschaftsdienst_28_KW_2018.docx to KW 28_2018/5 Bereitschaftsdienste/Bereitschaftsdienst_28_KW_2018.docx...
Moving file J:\ALLE\PRESSE\HNA-Transfer Pressemitteilungen\2018\KW 28_2018\8 Aus Vereinen und Verbaenden\kura267.fa18 4. Sitzung.doc to KW 28_2018/8 Aus Vereinen und Verbaenden/kura267.fa18 4. Sitzung.doc...
Moving file J:\ALLE\PRESSE\HNA-Transfer Pressemitteilungen\2018\KW 28_2018\8 Aus Vereinen und Verbaenden\Verband Wohneigentum Hessen.pdf to KW 28_2018/8 Aus Vereinen und Verbaenden/Verband Wohneigentum Hessen.pdf...
Moving file J:\ALLE\PRESSE\HNA-Transfer Pressemitteilungen\2018\KW 28_2018\9 Verschiedenes\Jungfernturm Flyer Juni 2018.docx to KW 28_2018/9 Verschiedenes/Jungfernturm Flyer Juni 2018.docx...
Moving file J:\ALLE\PRESSE\HNA-Transfer Pressemitteilungen\2018\KW 28_2018\9 Verschiedenes\Text Städte u. Gemeinden.docx to KW 28_2018/9 Verschiedenes/Text Städte u. Gemeinden.docx...
