Bearbeiten KW29
Moving file J:\ALLE\PRESSE\HNA-Transfer Pressemitteilungen\2018\KW 29_2018\1 Aus dem Rathaus\Bild 1 Aktionstag Hainbuchenstr.jpg to KW 29_2018/1 Aus dem Rathaus/Bild 1 Aktionstag Hainbuchenstr.jpg...
Moving file J:\ALLE\PRESSE\HNA-Transfer Pressemitteilungen\2018\KW 29_2018\1 Aus dem Rathaus\Bild 2 Aktionstag Hainbuchenstr.jpg to KW 29_2018/1 Aus dem Rathaus/Bild 2 Aktionstag Hainbuchenstr.jpg...
Moving file J:\ALLE\PRESSE\HNA-Transfer Pressemitteilungen\2018\KW 29_2018\1 Aus dem Rathaus\NBVBild.JPG to KW 29_2018/1 Aus dem Rathaus/NBVBild.JPG...
Moving file J:\ALLE\PRESSE\HNA-Transfer Pressemitteilungen\2018\KW 29_2018\1 Aus dem Rathaus\PM Aktionstag Hainbuchenstr.doc to KW 29_2018/1 Aus dem Rathaus/PM Aktionstag Hainbuchenstr.doc...
Moving file J:\ALLE\PRESSE\HNA-Transfer Pressemitteilungen\2018\KW 29_2018\1 Aus dem Rathaus\Pr-fertige Paesse.docx to KW 29_2018/1 Aus dem Rathaus/Pr-fertige Paesse.docx...
Moving file J:\ALLE\PRESSE\HNA-Transfer Pressemitteilungen\2018\KW 29_2018\1 Aus dem Rathaus\PresseNBV.docx to KW 29_2018/1 Aus dem Rathaus/PresseNBV.docx...
Moving file J:\ALLE\PRESSE\HNA-Transfer Pressemitteilungen\2018\KW 29_2018\1 Aus dem Rathaus\Schiedsamt.pdf to KW 29_2018/1 Aus dem Rathaus/Schiedsamt.pdf...
Moving file J:\ALLE\PRESSE\HNA-Transfer Pressemitteilungen\2018\KW 29_2018\1 Aus dem Rathaus\Seniorenseite KW 29.pdf to KW 29_2018/1 Aus dem Rathaus/Seniorenseite KW 29.pdf...
Moving file J:\ALLE\PRESSE\HNA-Transfer Pressemitteilungen\2018\KW 29_2018\1 Aus dem Rathaus\Statisch06.docx to KW 29_2018/1 Aus dem Rathaus/Statisch06.docx...
Moving file J:\ALLE\PRESSE\HNA-Transfer Pressemitteilungen\2018\KW 29_2018\1 Aus dem Rathaus\Veranstaltungen 2018 neu.jpg to KW 29_2018/1 Aus dem Rathaus/Veranstaltungen 2018 neu.jpg...
Moving file J:\ALLE\PRESSE\HNA-Transfer Pressemitteilungen\2018\KW 29_2018\4 Wir gratulieren\20180712herr_jub ab 20.07.2018.docx to KW 29_2018/4 Wir gratulieren/20180712herr_jub ab 20.07.2018.docx...
Moving file J:\ALLE\PRESSE\HNA-Transfer Pressemitteilungen\2018\KW 29_2018\5 Bereitschaftsdienste\Bereitschaftsdienst_29_KW_2018.docx to KW 29_2018/5 Bereitschaftsdienste/Bereitschaftsdienst_29_KW_2018.docx...
Bearbeiten KW29
Moving file J:\ALLE\PRESSE\HNA-Transfer Pressemitteilungen\2018\KW 29_2018\0 Titelseite\Gruﬂwort Fuﬂballturnier TSV Ihringshausen Juli 2018.docx to KW 29_2018/0 Titelseite/Gruﬂwort Fuﬂballturnier TSV Ihringshausen Juli 2018.docx...
Moving file J:\ALLE\PRESSE\HNA-Transfer Pressemitteilungen\2018\KW 29_2018\1 Aus dem Rathaus\1.+5. BA - Pressemitteilung Vollsperrung 30.KW 2018.docx to KW 29_2018/1 Aus dem Rathaus/1.+5. BA - Pressemitteilung Vollsperrung 30.KW 2018.docx...
Moving file J:\ALLE\PRESSE\HNA-Transfer Pressemitteilungen\2018\KW 29_2018\1 Aus dem Rathaus\2018-05-11 (23).jpg to KW 29_2018/1 Aus dem Rathaus/2018-05-11 (23).jpg...
Moving file J:\ALLE\PRESSE\HNA-Transfer Pressemitteilungen\2018\KW 29_2018\1 Aus dem Rathaus\2018-05-11 (4).jpg to KW 29_2018/1 Aus dem Rathaus/2018-05-11 (4).jpg...
Moving file J:\ALLE\PRESSE\HNA-Transfer Pressemitteilungen\2018\KW 29_2018\1 Aus dem Rathaus\2018-06-26  Tierpark Sababurg (20).JPG to KW 29_2018/1 Aus dem Rathaus/2018-06-26  Tierpark Sababurg (20).JPG...
Moving file J:\ALLE\PRESSE\HNA-Transfer Pressemitteilungen\2018\KW 29_2018\1 Aus dem Rathaus\2018-06-26  Tierpark Sababurg (4).JPG to KW 29_2018/1 Aus dem Rathaus/2018-06-26  Tierpark Sababurg (4).JPG...
Moving file J:\ALLE\PRESSE\HNA-Transfer Pressemitteilungen\2018\KW 29_2018\1 Aus dem Rathaus\2018-06-26  Tierpark Sababurg (7).JPG to KW 29_2018/1 Aus dem Rathaus/2018-06-26  Tierpark Sababurg (7).JPG...
Moving file J:\ALLE\PRESSE\HNA-Transfer Pressemitteilungen\2018\KW 29_2018\1 Aus dem Rathaus\2018-06-26  Tierpark Sababurg (9).JPG to KW 29_2018/1 Aus dem Rathaus/2018-06-26  Tierpark Sababurg (9).JPG...
Moving file J:\ALLE\PRESSE\HNA-Transfer Pressemitteilungen\2018\KW 29_2018\1 Aus dem Rathaus\2018_07_16 Plakat Start Kinderfeuerwehr Anmeldeverfahren.pdf to KW 29_2018/1 Aus dem Rathaus/2018_07_16 Plakat Start Kinderfeuerwehr Anmeldeverfahren.pdf...
Moving file J:\ALLE\PRESSE\HNA-Transfer Pressemitteilungen\2018\KW 29_2018\1 Aus dem Rathaus\975 Jahre Ihringhausen.pdf to KW 29_2018/1 Aus dem Rathaus/975 Jahre Ihringhausen.pdf...
Moving file J:\ALLE\PRESSE\HNA-Transfer Pressemitteilungen\2018\KW 29_2018\1 Aus dem Rathaus\Bild 1 Aktionstag Hainbuchenstr.jpg to KW 29_2018/1 Aus dem Rathaus/Bild 1 Aktionstag Hainbuchenstr.jpg...
Moving file J:\ALLE\PRESSE\HNA-Transfer Pressemitteilungen\2018\KW 29_2018\1 Aus dem Rathaus\Bild 2 Aktionstag Hainbuchenstr.jpg to KW 29_2018/1 Aus dem Rathaus/Bild 2 Aktionstag Hainbuchenstr.jpg...
Moving file J:\ALLE\PRESSE\HNA-Transfer Pressemitteilungen\2018\KW 29_2018\1 Aus dem Rathaus\Nachruf Willi Goebel.doc to KW 29_2018/1 Aus dem Rathaus/Nachruf Willi Goebel.doc...
Moving file J:\ALLE\PRESSE\HNA-Transfer Pressemitteilungen\2018\KW 29_2018\1 Aus dem Rathaus\NBVBild.JPG to KW 29_2018/1 Aus dem Rathaus/NBVBild.JPG...
Moving file J:\ALLE\PRESSE\HNA-Transfer Pressemitteilungen\2018\KW 29_2018\1 Aus dem Rathaus\Neues aus der Sonnenallee.docx to KW 29_2018/1 Aus dem Rathaus/Neues aus der Sonnenallee.docx...
Moving file J:\ALLE\PRESSE\HNA-Transfer Pressemitteilungen\2018\KW 29_2018\1 Aus dem Rathaus\Neues_aus_der_Sonnenallee__Ausflug_in_den_Tierpark_Sababurg.html to KW 29_2018/1 Aus dem Rathaus/Neues_aus_der_Sonnenallee__Ausflug_in_den_Tierpark_Sababurg.html...
Moving file J:\ALLE\PRESSE\HNA-Transfer Pressemitteilungen\2018\KW 29_2018\1 Aus dem Rathaus\Plakatentwurf_2018_TSV_Ihringshausen.docx to KW 29_2018/1 Aus dem Rathaus/Plakatentwurf_2018_TSV_Ihringshausen.docx...
Moving file J:\ALLE\PRESSE\HNA-Transfer Pressemitteilungen\2018\KW 29_2018\1 Aus dem Rathaus\PM Aktionstag Hainbuchenstr.doc to KW 29_2018/1 Aus dem Rathaus/PM Aktionstag Hainbuchenstr.doc...
Moving file J:\ALLE\PRESSE\HNA-Transfer Pressemitteilungen\2018\KW 29_2018\1 Aus dem Rathaus\PM Einladung Seniorensommerfest.pdf to KW 29_2018/1 Aus dem Rathaus/PM Einladung Seniorensommerfest.pdf...
Moving file J:\ALLE\PRESSE\HNA-Transfer Pressemitteilungen\2018\KW 29_2018\1 Aus dem Rathaus\Pr-fertige Paesse.docx to KW 29_2018/1 Aus dem Rathaus/Pr-fertige Paesse.docx...
Moving file J:\ALLE\PRESSE\HNA-Transfer Pressemitteilungen\2018\KW 29_2018\1 Aus dem Rathaus\PresseNBV.docx to KW 29_2018/1 Aus dem Rathaus/PresseNBV.docx...
Moving file J:\ALLE\PRESSE\HNA-Transfer Pressemitteilungen\2018\KW 29_2018\1 Aus dem Rathaus\Schiedsamt.pdf to KW 29_2018/1 Aus dem Rathaus/Schiedsamt.pdf...
Moving file J:\ALLE\PRESSE\HNA-Transfer Pressemitteilungen\2018\KW 29_2018\1 Aus dem Rathaus\Seniorenseite KW 29.docx to KW 29_2018/1 Aus dem Rathaus/Seniorenseite KW 29.docx...
Moving file J:\ALLE\PRESSE\HNA-Transfer Pressemitteilungen\2018\KW 29_2018\1 Aus dem Rathaus\Statisch06.docx to KW 29_2018/1 Aus dem Rathaus/Statisch06.docx...
Moving file J:\ALLE\PRESSE\HNA-Transfer Pressemitteilungen\2018\KW 29_2018\1 Aus dem Rathaus\Veranstaltungen 2018 neu.jpg to KW 29_2018/1 Aus dem Rathaus/Veranstaltungen 2018 neu.jpg...
Moving file J:\ALLE\PRESSE\HNA-Transfer Pressemitteilungen\2018\KW 29_2018\2 Amtliche Bekanntmachungen\Amtliche Bekanntmachung der zugelassene Wahlvorschl‰ge.doc to KW 29_2018/2 Amtliche Bekanntmachungen/Amtliche Bekanntmachung der zugelassene Wahlvorschl‰ge.doc...
Moving file J:\ALLE\PRESSE\HNA-Transfer Pressemitteilungen\2018\KW 29_2018\2 Amtliche Bekanntmachungen\Hinweisbekanntmachung Sonstige.docx to KW 29_2018/2 Amtliche Bekanntmachungen/Hinweisbekanntmachung Sonstige.docx...
Moving file J:\ALLE\PRESSE\HNA-Transfer Pressemitteilungen\2018\KW 29_2018\4 Wir gratulieren\20180712herr_jub ab 20.07.2018.docx to KW 29_2018/4 Wir gratulieren/20180712herr_jub ab 20.07.2018.docx...
Moving file J:\ALLE\PRESSE\HNA-Transfer Pressemitteilungen\2018\KW 29_2018\5 Bereitschaftsdienste\Bereitschaftsdienst_29_KW_2018.docx to KW 29_2018/5 Bereitschaftsdienste/Bereitschaftsdienst_29_KW_2018.docx...
Bearbeiten KW29
Moving file J:\ALLE\PRESSE\HNA-Transfer Pressemitteilungen\2018\KW 29_2018\0 Titelseite\Gruﬂwort Fuﬂballturnier TSV Ihringshausen Juli 2018.docx to KW 29_2018/0 Titelseite/Gruﬂwort Fuﬂballturnier TSV Ihringshausen Juli 2018.docx...
Moving file J:\ALLE\PRESSE\HNA-Transfer Pressemitteilungen\2018\KW 29_2018\1 Aus dem Rathaus\1.+5. BA - Pressemitteilung Vollsperrung 30.KW 2018.docx to KW 29_2018/1 Aus dem Rathaus/1.+5. BA - Pressemitteilung Vollsperrung 30.KW 2018.docx...
Moving file J:\ALLE\PRESSE\HNA-Transfer Pressemitteilungen\2018\KW 29_2018\1 Aus dem Rathaus\2018-05-11 (23).jpg to KW 29_2018/1 Aus dem Rathaus/2018-05-11 (23).jpg...
Moving file J:\ALLE\PRESSE\HNA-Transfer Pressemitteilungen\2018\KW 29_2018\1 Aus dem Rathaus\2018-05-11 (4).jpg to KW 29_2018/1 Aus dem Rathaus/2018-05-11 (4).jpg...
Moving file J:\ALLE\PRESSE\HNA-Transfer Pressemitteilungen\2018\KW 29_2018\1 Aus dem Rathaus\2018-06-26  Tierpark Sababurg (20).JPG to KW 29_2018/1 Aus dem Rathaus/2018-06-26  Tierpark Sababurg (20).JPG...
Moving file J:\ALLE\PRESSE\HNA-Transfer Pressemitteilungen\2018\KW 29_2018\1 Aus dem Rathaus\2018-06-26  Tierpark Sababurg (4).JPG to KW 29_2018/1 Aus dem Rathaus/2018-06-26  Tierpark Sababurg (4).JPG...
Moving file J:\ALLE\PRESSE\HNA-Transfer Pressemitteilungen\2018\KW 29_2018\1 Aus dem Rathaus\2018-06-26  Tierpark Sababurg (7).JPG to KW 29_2018/1 Aus dem Rathaus/2018-06-26  Tierpark Sababurg (7).JPG...
Moving file J:\ALLE\PRESSE\HNA-Transfer Pressemitteilungen\2018\KW 29_2018\1 Aus dem Rathaus\2018-06-26  Tierpark Sababurg (9).JPG to KW 29_2018/1 Aus dem Rathaus/2018-06-26  Tierpark Sababurg (9).JPG...
Moving file J:\ALLE\PRESSE\HNA-Transfer Pressemitteilungen\2018\KW 29_2018\1 Aus dem Rathaus\2018_07_16 Plakat Start Kinderfeuerwehr Anmeldeverfahren.pdf to KW 29_2018/1 Aus dem Rathaus/2018_07_16 Plakat Start Kinderfeuerwehr Anmeldeverfahren.pdf...
Moving file J:\ALLE\PRESSE\HNA-Transfer Pressemitteilungen\2018\KW 29_2018\1 Aus dem Rathaus\975 Jahre Ihringhausen.pdf to KW 29_2018/1 Aus dem Rathaus/975 Jahre Ihringhausen.pdf...
Moving file J:\ALLE\PRESSE\HNA-Transfer Pressemitteilungen\2018\KW 29_2018\1 Aus dem Rathaus\Bild 1 Aktionstag Hainbuchenstr.jpg to KW 29_2018/1 Aus dem Rathaus/Bild 1 Aktionstag Hainbuchenstr.jpg...
Moving file J:\ALLE\PRESSE\HNA-Transfer Pressemitteilungen\2018\KW 29_2018\1 Aus dem Rathaus\Bild 2 Aktionstag Hainbuchenstr.jpg to KW 29_2018/1 Aus dem Rathaus/Bild 2 Aktionstag Hainbuchenstr.jpg...
Moving file J:\ALLE\PRESSE\HNA-Transfer Pressemitteilungen\2018\KW 29_2018\1 Aus dem Rathaus\Nachruf Willi Goebel.doc to KW 29_2018/1 Aus dem Rathaus/Nachruf Willi Goebel.doc...
Moving file J:\ALLE\PRESSE\HNA-Transfer Pressemitteilungen\2018\KW 29_2018\1 Aus dem Rathaus\NBVBild.JPG to KW 29_2018/1 Aus dem Rathaus/NBVBild.JPG...
Moving file J:\ALLE\PRESSE\HNA-Transfer Pressemitteilungen\2018\KW 29_2018\1 Aus dem Rathaus\Neues aus der Sonnenallee.docx to KW 29_2018/1 Aus dem Rathaus/Neues aus der Sonnenallee.docx...
Moving file J:\ALLE\PRESSE\HNA-Transfer Pressemitteilungen\2018\KW 29_2018\1 Aus dem Rathaus\Neues_aus_der_Sonnenallee__Ausflug_in_den_Tierpark_Sababurg.html to KW 29_2018/1 Aus dem Rathaus/Neues_aus_der_Sonnenallee__Ausflug_in_den_Tierpark_Sababurg.html...
Moving file J:\ALLE\PRESSE\HNA-Transfer Pressemitteilungen\2018\KW 29_2018\1 Aus dem Rathaus\Plakatentwurf_2018_TSV_Ihringshausen.docx to KW 29_2018/1 Aus dem Rathaus/Plakatentwurf_2018_TSV_Ihringshausen.docx...
Moving file J:\ALLE\PRESSE\HNA-Transfer Pressemitteilungen\2018\KW 29_2018\1 Aus dem Rathaus\PM Aktionstag Hainbuchenstr.doc to KW 29_2018/1 Aus dem Rathaus/PM Aktionstag Hainbuchenstr.doc...
Moving file J:\ALLE\PRESSE\HNA-Transfer Pressemitteilungen\2018\KW 29_2018\1 Aus dem Rathaus\PM Einladung Seniorensommerfest.pdf to KW 29_2018/1 Aus dem Rathaus/PM Einladung Seniorensommerfest.pdf...
Moving file J:\ALLE\PRESSE\HNA-Transfer Pressemitteilungen\2018\KW 29_2018\1 Aus dem Rathaus\Pr-fertige Paesse.docx to KW 29_2018/1 Aus dem Rathaus/Pr-fertige Paesse.docx...
Moving file J:\ALLE\PRESSE\HNA-Transfer Pressemitteilungen\2018\KW 29_2018\1 Aus dem Rathaus\PresseNBV.docx to KW 29_2018/1 Aus dem Rathaus/PresseNBV.docx...
Moving file J:\ALLE\PRESSE\HNA-Transfer Pressemitteilungen\2018\KW 29_2018\1 Aus dem Rathaus\Schiedsamt.pdf to KW 29_2018/1 Aus dem Rathaus/Schiedsamt.pdf...
Moving file J:\ALLE\PRESSE\HNA-Transfer Pressemitteilungen\2018\KW 29_2018\1 Aus dem Rathaus\Seniorenseite KW 29.docx to KW 29_2018/1 Aus dem Rathaus/Seniorenseite KW 29.docx...
Moving file J:\ALLE\PRESSE\HNA-Transfer Pressemitteilungen\2018\KW 29_2018\1 Aus dem Rathaus\Statisch06.docx to KW 29_2018/1 Aus dem Rathaus/Statisch06.docx...
Moving file J:\ALLE\PRESSE\HNA-Transfer Pressemitteilungen\2018\KW 29_2018\1 Aus dem Rathaus\Veranstaltungen 2018 neu.jpg to KW 29_2018/1 Aus dem Rathaus/Veranstaltungen 2018 neu.jpg...
Moving file J:\ALLE\PRESSE\HNA-Transfer Pressemitteilungen\2018\KW 29_2018\2 Amtliche Bekanntmachungen\20180719_FB1_AB_Amtliche Bekanntmachung der zugelassene Wahlvorschl‰ge.pdf to KW 29_2018/2 Amtliche Bekanntmachungen/20180719_FB1_AB_Amtliche Bekanntmachung der zugelassene Wahlvorschl‰ge.pdf...
Moving file J:\ALLE\PRESSE\HNA-Transfer Pressemitteilungen\2018\KW 29_2018\2 Amtliche Bekanntmachungen\Amtliche Bekanntmachung der zugelassene Wahlvorschl‰ge.doc to KW 29_2018/2 Amtliche Bekanntmachungen/Amtliche Bekanntmachung der zugelassene Wahlvorschl‰ge.doc...
Moving file J:\ALLE\PRESSE\HNA-Transfer Pressemitteilungen\2018\KW 29_2018\2 Amtliche Bekanntmachungen\Hinweisbekanntmachung Sonstige.docx to KW 29_2018/2 Amtliche Bekanntmachungen/Hinweisbekanntmachung Sonstige.docx...
Moving file J:\ALLE\PRESSE\HNA-Transfer Pressemitteilungen\2018\KW 29_2018\4 Wir gratulieren\20180712herr_jub ab 20.07.2018.docx to KW 29_2018/4 Wir gratulieren/20180712herr_jub ab 20.07.2018.docx...
Moving file J:\ALLE\PRESSE\HNA-Transfer Pressemitteilungen\2018\KW 29_2018\5 Bereitschaftsdienste\Bereitschaftsdienst_29_KW_2018.docx to KW 29_2018/5 Bereitschaftsdienste/Bereitschaftsdienst_29_KW_2018.docx...
Moving file J:\ALLE\PRESSE\HNA-Transfer Pressemitteilungen\2018\KW 29_2018\9 Verschiedenes\Die Fulda ein kleines Urlaubsparadies.odt to KW 29_2018/9 Verschiedenes/Die Fulda ein kleines Urlaubsparadies.odt...
Moving file J:\ALLE\PRESSE\HNA-Transfer Pressemitteilungen\2018\KW 29_2018\9 Verschiedenes\P1070155.JPG to KW 29_2018/9 Verschiedenes/P1070155.JPG...
Moving file J:\ALLE\PRESSE\HNA-Transfer Pressemitteilungen\2018\KW 29_2018\9 Verschiedenes\P1070178.JPG to KW 29_2018/9 Verschiedenes/P1070178.JPG...
Moving file J:\ALLE\PRESSE\HNA-Transfer Pressemitteilungen\2018\KW 29_2018\9 Verschiedenes\P1070322.JPG to KW 29_2018/9 Verschiedenes/P1070322.JPG...
