Bearbeiten KW30
Moving file J:\ALLE\PRESSE\HNA-Transfer Pressemitteilungen\2018\KW 30_2018\1 Aus dem Rathaus\975 Jahre Ihringhausen.pdf to KW 30_2018/1 Aus dem Rathaus/975 Jahre Ihringhausen.pdf...
Moving file J:\ALLE\PRESSE\HNA-Transfer Pressemitteilungen\2018\KW 30_2018\1 Aus dem Rathaus\Chroma.pdf to KW 30_2018/1 Aus dem Rathaus/Chroma.pdf...
Bearbeiten KW30
Moving file J:\ALLE\PRESSE\HNA-Transfer Pressemitteilungen\2018\KW 30_2018\1 Aus dem Rathaus\975 Jahre Ihringhausen.pdf to KW 30_2018/1 Aus dem Rathaus/975 Jahre Ihringhausen.pdf...
Moving file J:\ALLE\PRESSE\HNA-Transfer Pressemitteilungen\2018\KW 30_2018\1 Aus dem Rathaus\Chroma.pdf to KW 30_2018/1 Aus dem Rathaus/Chroma.pdf...
Moving file J:\ALLE\PRESSE\HNA-Transfer Pressemitteilungen\2018\KW 30_2018\1 Aus dem Rathaus\Junior Chef.docx to KW 30_2018/1 Aus dem Rathaus/Junior Chef.docx...
Moving file J:\ALLE\PRESSE\HNA-Transfer Pressemitteilungen\2018\KW 30_2018\1 Aus dem Rathaus\Maennerfruehstueck15.08.2018.docx to KW 30_2018/1 Aus dem Rathaus/Maennerfruehstueck15.08.2018.docx...
Moving file J:\ALLE\PRESSE\HNA-Transfer Pressemitteilungen\2018\KW 30_2018\1 Aus dem Rathaus\Pr-fertige Paesse.docx to KW 30_2018/1 Aus dem Rathaus/Pr-fertige Paesse.docx...
Moving file J:\ALLE\PRESSE\HNA-Transfer Pressemitteilungen\2018\KW 30_2018\1 Aus dem Rathaus\PresseSOSRettungsdose.docx to KW 30_2018/1 Aus dem Rathaus/PresseSOSRettungsdose.docx...
Moving file J:\ALLE\PRESSE\HNA-Transfer Pressemitteilungen\2018\KW 30_2018\1 Aus dem Rathaus\Sommerfest2018.docx to KW 30_2018/1 Aus dem Rathaus/Sommerfest2018.docx...
Moving file J:\ALLE\PRESSE\HNA-Transfer Pressemitteilungen\2018\KW 30_2018\1 Aus dem Rathaus\Statisch07.doc to KW 30_2018/1 Aus dem Rathaus/Statisch07.doc...
Moving file J:\ALLE\PRESSE\HNA-Transfer Pressemitteilungen\2018\KW 30_2018\1 Aus dem Rathaus\WirsuchenFahrerneu.docx to KW 30_2018/1 Aus dem Rathaus/WirsuchenFahrerneu.docx...
Moving file J:\ALLE\PRESSE\HNA-Transfer Pressemitteilungen\2018\KW 30_2018\4 Wir gratulieren\20180712herr_jub ab 27.07.2018.docx to KW 30_2018/4 Wir gratulieren/20180712herr_jub ab 27.07.2018.docx...
Moving file J:\ALLE\PRESSE\HNA-Transfer Pressemitteilungen\2018\KW 30_2018\5 Bereitschaftsdienste\Bereitschaftsdienst_30_KW_2018.docx to KW 30_2018/5 Bereitschaftsdienste/Bereitschaftsdienst_30_KW_2018.docx...
Moving file J:\ALLE\PRESSE\HNA-Transfer Pressemitteilungen\2018\KW 30_2018\9 Verschiedenes\Artikel_Diakonie.docx to KW 30_2018/9 Verschiedenes/Artikel_Diakonie.docx...
Moving file J:\ALLE\PRESSE\HNA-Transfer Pressemitteilungen\2018\KW 30_2018\9 Verschiedenes\Bild Artikel_Diakonie.JPG to KW 30_2018/9 Verschiedenes/Bild Artikel_Diakonie.JPG...
Bearbeiten KW30
Moving file J:\ALLE\PRESSE\HNA-Transfer Pressemitteilungen\2018\KW 30_2018\0 Titelseite\975 Jahre Ihringhausen.pdf to KW 30_2018/0 Titelseite/975 Jahre Ihringhausen.pdf...
Moving file J:\ALLE\PRESSE\HNA-Transfer Pressemitteilungen\2018\KW 30_2018\1 Aus dem Rathaus\Ausfall Bauberatung.docx to KW 30_2018/1 Aus dem Rathaus/Ausfall Bauberatung.docx...
Moving file J:\ALLE\PRESSE\HNA-Transfer Pressemitteilungen\2018\KW 30_2018\1 Aus dem Rathaus\Chroma.pdf to KW 30_2018/1 Aus dem Rathaus/Chroma.pdf...
Moving file J:\ALLE\PRESSE\HNA-Transfer Pressemitteilungen\2018\KW 30_2018\1 Aus dem Rathaus\Junior Chef.docx to KW 30_2018/1 Aus dem Rathaus/Junior Chef.docx...
Moving file J:\ALLE\PRESSE\HNA-Transfer Pressemitteilungen\2018\KW 30_2018\1 Aus dem Rathaus\Maennerfruehstueck15.08.2018.docx to KW 30_2018/1 Aus dem Rathaus/Maennerfruehstueck15.08.2018.docx...
Moving file J:\ALLE\PRESSE\HNA-Transfer Pressemitteilungen\2018\KW 30_2018\1 Aus dem Rathaus\Pr-fertige Paesse.docx to KW 30_2018/1 Aus dem Rathaus/Pr-fertige Paesse.docx...
Moving file J:\ALLE\PRESSE\HNA-Transfer Pressemitteilungen\2018\KW 30_2018\1 Aus dem Rathaus\PresseSOSRettungsdose.docx to KW 30_2018/1 Aus dem Rathaus/PresseSOSRettungsdose.docx...
Moving file J:\ALLE\PRESSE\HNA-Transfer Pressemitteilungen\2018\KW 30_2018\1 Aus dem Rathaus\Seniorenseite KW 30.docx to KW 30_2018/1 Aus dem Rathaus/Seniorenseite KW 30.docx...
Moving file J:\ALLE\PRESSE\HNA-Transfer Pressemitteilungen\2018\KW 30_2018\1 Aus dem Rathaus\Sommerfest2018.docx to KW 30_2018/1 Aus dem Rathaus/Sommerfest2018.docx...
Moving file J:\ALLE\PRESSE\HNA-Transfer Pressemitteilungen\2018\KW 30_2018\1 Aus dem Rathaus\Statisch07.doc to KW 30_2018/1 Aus dem Rathaus/Statisch07.doc...
Moving file J:\ALLE\PRESSE\HNA-Transfer Pressemitteilungen\2018\KW 30_2018\1 Aus dem Rathaus\WirsuchenFahrerneu.docx to KW 30_2018/1 Aus dem Rathaus/WirsuchenFahrerneu.docx...
Moving file J:\ALLE\PRESSE\HNA-Transfer Pressemitteilungen\2018\KW 30_2018\4 Wir gratulieren\20180712herr_jub ab 27.07.2018.docx to KW 30_2018/4 Wir gratulieren/20180712herr_jub ab 27.07.2018.docx...
Moving file J:\ALLE\PRESSE\HNA-Transfer Pressemitteilungen\2018\KW 30_2018\5 Bereitschaftsdienste\Bereitschaftsdienst_30_KW_2018.docx to KW 30_2018/5 Bereitschaftsdienste/Bereitschaftsdienst_30_KW_2018.docx...
Moving file J:\ALLE\PRESSE\HNA-Transfer Pressemitteilungen\2018\KW 30_2018\8 Aus Vereinen und Verbaenden\3555.fa18.docx to KW 30_2018/8 Aus Vereinen und Verbaenden/3555.fa18.docx...
Moving file J:\ALLE\PRESSE\HNA-Transfer Pressemitteilungen\2018\KW 30_2018\8 Aus Vereinen und Verbaenden\Ehrung Neudecker.docx to KW 30_2018/8 Aus Vereinen und Verbaenden/Ehrung Neudecker.docx...
Moving file J:\ALLE\PRESSE\HNA-Transfer Pressemitteilungen\2018\KW 30_2018\8 Aus Vereinen und Verbaenden\Vorstandsitzung-MV-01.08_.doc to KW 30_2018/8 Aus Vereinen und Verbaenden/Vorstandsitzung-MV-01.08_.doc...
Moving file J:\ALLE\PRESSE\HNA-Transfer Pressemitteilungen\2018\KW 30_2018\9 Verschiedenes\Artikel_Diakonie.docx to KW 30_2018/9 Verschiedenes/Artikel_Diakonie.docx...
Moving file J:\ALLE\PRESSE\HNA-Transfer Pressemitteilungen\2018\KW 30_2018\9 Verschiedenes\Bild Artikel_Diakonie.JPG to KW 30_2018/9 Verschiedenes/Bild Artikel_Diakonie.JPG...
Bearbeiten KW30
Moving file J:\ALLE\PRESSE\HNA-Transfer Pressemitteilungen\2018\KW 30_2018\0 Titelseite\975 Jahre Ihringhausen.pdf to KW 30_2018/0 Titelseite/975 Jahre Ihringhausen.pdf...
Moving file J:\ALLE\PRESSE\HNA-Transfer Pressemitteilungen\2018\KW 30_2018\1 Aus dem Rathaus\Ausfall Bauberatung.docx to KW 30_2018/1 Aus dem Rathaus/Ausfall Bauberatung.docx...
Moving file J:\ALLE\PRESSE\HNA-Transfer Pressemitteilungen\2018\KW 30_2018\1 Aus dem Rathaus\Chroma.pdf to KW 30_2018/1 Aus dem Rathaus/Chroma.pdf...
Moving file J:\ALLE\PRESSE\HNA-Transfer Pressemitteilungen\2018\KW 30_2018\1 Aus dem Rathaus\Junior Chef.docx to KW 30_2018/1 Aus dem Rathaus/Junior Chef.docx...
Moving file J:\ALLE\PRESSE\HNA-Transfer Pressemitteilungen\2018\KW 30_2018\1 Aus dem Rathaus\Maennerfruehstueck15.08.2018.docx to KW 30_2018/1 Aus dem Rathaus/Maennerfruehstueck15.08.2018.docx...
Moving file J:\ALLE\PRESSE\HNA-Transfer Pressemitteilungen\2018\KW 30_2018\1 Aus dem Rathaus\Pr-fertige Paesse.docx to KW 30_2018/1 Aus dem Rathaus/Pr-fertige Paesse.docx...
Moving file J:\ALLE\PRESSE\HNA-Transfer Pressemitteilungen\2018\KW 30_2018\1 Aus dem Rathaus\PresseSOSRettungsdose.docx to KW 30_2018/1 Aus dem Rathaus/PresseSOSRettungsdose.docx...
Moving file J:\ALLE\PRESSE\HNA-Transfer Pressemitteilungen\2018\KW 30_2018\1 Aus dem Rathaus\Seniorenseite KW 30.docx to KW 30_2018/1 Aus dem Rathaus/Seniorenseite KW 30.docx...
Moving file J:\ALLE\PRESSE\HNA-Transfer Pressemitteilungen\2018\KW 30_2018\1 Aus dem Rathaus\Sommerfest2018.docx to KW 30_2018/1 Aus dem Rathaus/Sommerfest2018.docx...
Moving file J:\ALLE\PRESSE\HNA-Transfer Pressemitteilungen\2018\KW 30_2018\1 Aus dem Rathaus\Statisch07.doc to KW 30_2018/1 Aus dem Rathaus/Statisch07.doc...
Moving file J:\ALLE\PRESSE\HNA-Transfer Pressemitteilungen\2018\KW 30_2018\1 Aus dem Rathaus\WirsuchenFahrerneu.docx to KW 30_2018/1 Aus dem Rathaus/WirsuchenFahrerneu.docx...
Moving file J:\ALLE\PRESSE\HNA-Transfer Pressemitteilungen\2018\KW 30_2018\4 Wir gratulieren\20180712herr_jub ab 27.07.2018.docx to KW 30_2018/4 Wir gratulieren/20180712herr_jub ab 27.07.2018.docx...
Moving file J:\ALLE\PRESSE\HNA-Transfer Pressemitteilungen\2018\KW 30_2018\5 Bereitschaftsdienste\Bereitschaftsdienst_30_KW_2018.docx to KW 30_2018/5 Bereitschaftsdienste/Bereitschaftsdienst_30_KW_2018.docx...
Moving file J:\ALLE\PRESSE\HNA-Transfer Pressemitteilungen\2018\KW 30_2018\8 Aus Vereinen und Verbaenden\3555.fa18.docx to KW 30_2018/8 Aus Vereinen und Verbaenden/3555.fa18.docx...
Moving file J:\ALLE\PRESSE\HNA-Transfer Pressemitteilungen\2018\KW 30_2018\8 Aus Vereinen und Verbaenden\Ehrung Neudecker.docx to KW 30_2018/8 Aus Vereinen und Verbaenden/Ehrung Neudecker.docx...
Moving file J:\ALLE\PRESSE\HNA-Transfer Pressemitteilungen\2018\KW 30_2018\8 Aus Vereinen und Verbaenden\Vorstandsitzung-MV-01.08_.doc to KW 30_2018/8 Aus Vereinen und Verbaenden/Vorstandsitzung-MV-01.08_.doc...
Moving file J:\ALLE\PRESSE\HNA-Transfer Pressemitteilungen\2018\KW 30_2018\9 Verschiedenes\Artikel_Diakonie.docx to KW 30_2018/9 Verschiedenes/Artikel_Diakonie.docx...
Moving file J:\ALLE\PRESSE\HNA-Transfer Pressemitteilungen\2018\KW 30_2018\9 Verschiedenes\Bild Artikel_Diakonie.JPG to KW 30_2018/9 Verschiedenes/Bild Artikel_Diakonie.JPG...
