Bearbeiten KW31
Moving file J:\ALLE\PRESSE\HNA-Transfer Pressemitteilungen\2018\KW 31_2018\1 Aus dem Rathaus\975 Jahre Ihringhausen.pdf to KW 31_2018/1 Aus dem Rathaus/975 Jahre Ihringhausen.pdf...
Moving file J:\ALLE\PRESSE\HNA-Transfer Pressemitteilungen\2018\KW 31_2018\1 Aus dem Rathaus\Chroma.pdf to KW 31_2018/1 Aus dem Rathaus/Chroma.pdf...
Moving file J:\ALLE\PRESSE\HNA-Transfer Pressemitteilungen\2018\KW 31_2018\1 Aus dem Rathaus\Gemeindefest2018 - Vorankündigung.pdf to KW 31_2018/1 Aus dem Rathaus/Gemeindefest2018 - Vorankündigung.pdf...
Moving file J:\ALLE\PRESSE\HNA-Transfer Pressemitteilungen\2018\KW 31_2018\1 Aus dem Rathaus\Maennerfruehstueck15.08.2018.docx to KW 31_2018/1 Aus dem Rathaus/Maennerfruehstueck15.08.2018.docx...
Moving file J:\ALLE\PRESSE\HNA-Transfer Pressemitteilungen\2018\KW 31_2018\1 Aus dem Rathaus\Sommerfest2018.docx to KW 31_2018/1 Aus dem Rathaus/Sommerfest2018.docx...
Moving file J:\ALLE\PRESSE\HNA-Transfer Pressemitteilungen\2018\KW 31_2018\1 Aus dem Rathaus\Termine Schadstoffmobil für Fuldatal.doc to KW 31_2018/1 Aus dem Rathaus/Termine Schadstoffmobil für Fuldatal.doc...
Bearbeiten KW31
Moving file J:\ALLE\PRESSE\HNA-Transfer Pressemitteilungen\2018\KW 31_2018\1 Aus dem Rathaus\975 Jahre Ihringhausen.pdf to KW 31_2018/1 Aus dem Rathaus/975 Jahre Ihringhausen.pdf...
Moving file J:\ALLE\PRESSE\HNA-Transfer Pressemitteilungen\2018\KW 31_2018\1 Aus dem Rathaus\chinaPlakat.pdf to KW 31_2018/1 Aus dem Rathaus/chinaPlakat.pdf...
Moving file J:\ALLE\PRESSE\HNA-Transfer Pressemitteilungen\2018\KW 31_2018\1 Aus dem Rathaus\Chroma.pdf to KW 31_2018/1 Aus dem Rathaus/Chroma.pdf...
Moving file J:\ALLE\PRESSE\HNA-Transfer Pressemitteilungen\2018\KW 31_2018\1 Aus dem Rathaus\Gemeindefest2018 - Vorankündigung.pdf to KW 31_2018/1 Aus dem Rathaus/Gemeindefest2018 - Vorankündigung.pdf...
Moving file J:\ALLE\PRESSE\HNA-Transfer Pressemitteilungen\2018\KW 31_2018\1 Aus dem Rathaus\Maennerfruehstueck15.08.2018.docx to KW 31_2018/1 Aus dem Rathaus/Maennerfruehstueck15.08.2018.docx...
Moving file J:\ALLE\PRESSE\HNA-Transfer Pressemitteilungen\2018\KW 31_2018\1 Aus dem Rathaus\Nutzung der Biobeutel für die Biotonne.doc to KW 31_2018/1 Aus dem Rathaus/Nutzung der Biobeutel für die Biotonne.doc...
Moving file J:\ALLE\PRESSE\HNA-Transfer Pressemitteilungen\2018\KW 31_2018\1 Aus dem Rathaus\Pr-fertige Paesse.docx to KW 31_2018/1 Aus dem Rathaus/Pr-fertige Paesse.docx...
Moving file J:\ALLE\PRESSE\HNA-Transfer Pressemitteilungen\2018\KW 31_2018\1 Aus dem Rathaus\Presse Oeffnungszeiten.docx to KW 31_2018/1 Aus dem Rathaus/Presse Oeffnungszeiten.docx...
Moving file J:\ALLE\PRESSE\HNA-Transfer Pressemitteilungen\2018\KW 31_2018\1 Aus dem Rathaus\Sommerfest2018.docx to KW 31_2018/1 Aus dem Rathaus/Sommerfest2018.docx...
Moving file J:\ALLE\PRESSE\HNA-Transfer Pressemitteilungen\2018\KW 31_2018\1 Aus dem Rathaus\Statisch08_aktuell.doc to KW 31_2018/1 Aus dem Rathaus/Statisch08_aktuell.doc...
Moving file J:\ALLE\PRESSE\HNA-Transfer Pressemitteilungen\2018\KW 31_2018\1 Aus dem Rathaus\Termine Schadstoffmobil für Fuldatal.doc to KW 31_2018/1 Aus dem Rathaus/Termine Schadstoffmobil für Fuldatal.doc...
Moving file J:\ALLE\PRESSE\HNA-Transfer Pressemitteilungen\2018\KW 31_2018\1 Aus dem Rathaus\Trittsicher92018.docx to KW 31_2018/1 Aus dem Rathaus/Trittsicher92018.docx...
Moving file J:\ALLE\PRESSE\HNA-Transfer Pressemitteilungen\2018\KW 31_2018\1 Aus dem Rathaus\ZRK_LOGO_transparent.jpg to KW 31_2018/1 Aus dem Rathaus/ZRK_LOGO_transparent.jpg...
Moving file J:\ALLE\PRESSE\HNA-Transfer Pressemitteilungen\2018\KW 31_2018\2 Amtliche Bekanntmachungen\20180802_FB2_AB_Wirtschaftsweg_Hilkenberg.pdf to KW 31_2018/2 Amtliche Bekanntmachungen/20180802_FB2_AB_Wirtschaftsweg_Hilkenberg.pdf...
Moving file J:\ALLE\PRESSE\HNA-Transfer Pressemitteilungen\2018\KW 31_2018\2 Amtliche Bekanntmachungen\20180802_FB2_AB_Wirtschaftsweg_Waidberg.pdf to KW 31_2018/2 Amtliche Bekanntmachungen/20180802_FB2_AB_Wirtschaftsweg_Waidberg.pdf...
Moving file J:\ALLE\PRESSE\HNA-Transfer Pressemitteilungen\2018\KW 31_2018\2 Amtliche Bekanntmachungen\Amtliche Bekanntmachung Einziehung Wirtschaftsweg Hilkenberg.docx to KW 31_2018/2 Amtliche Bekanntmachungen/Amtliche Bekanntmachung Einziehung Wirtschaftsweg Hilkenberg.docx...
Moving file J:\ALLE\PRESSE\HNA-Transfer Pressemitteilungen\2018\KW 31_2018\2 Amtliche Bekanntmachungen\Amtliche Bekanntmachung Einziehung Wirtschaftsweg Waidberg.docx to KW 31_2018/2 Amtliche Bekanntmachungen/Amtliche Bekanntmachung Einziehung Wirtschaftsweg Waidberg.docx...
Moving file J:\ALLE\PRESSE\HNA-Transfer Pressemitteilungen\2018\KW 31_2018\2 Amtliche Bekanntmachungen\Hinweisbekanntmachung Satzungen.docx to KW 31_2018/2 Amtliche Bekanntmachungen/Hinweisbekanntmachung Satzungen.docx...
Moving file J:\ALLE\PRESSE\HNA-Transfer Pressemitteilungen\2018\KW 31_2018\4 Wir gratulieren\20180712herr_jub ab 03.08.2018.docx to KW 31_2018/4 Wir gratulieren/20180712herr_jub ab 03.08.2018.docx...
Moving file J:\ALLE\PRESSE\HNA-Transfer Pressemitteilungen\2018\KW 31_2018\5 Bereitschaftsdienste\Bereitschaftsdienst_31_KW_2018.docx to KW 31_2018/5 Bereitschaftsdienste/Bereitschaftsdienst_31_KW_2018.docx...
Moving file J:\ALLE\PRESSE\HNA-Transfer Pressemitteilungen\2018\KW 31_2018\8 Aus Vereinen und Verbaenden\TSV Rothwesten TT.docx to KW 31_2018/8 Aus Vereinen und Verbaenden/TSV Rothwesten TT.docx...
Moving file J:\ALLE\PRESSE\HNA-Transfer Pressemitteilungen\2018\KW 31_2018\9 Verschiedenes\Kurzübersicht-32.-KW.doc to KW 31_2018/9 Verschiedenes/Kurzübersicht-32.-KW.doc...
Moving file J:\ALLE\PRESSE\HNA-Transfer Pressemitteilungen\2018\KW 31_2018\9 Verschiedenes\P1070126.JPG to KW 31_2018/9 Verschiedenes/P1070126.JPG...
Moving file J:\ALLE\PRESSE\HNA-Transfer Pressemitteilungen\2018\KW 31_2018\9 Verschiedenes\P1070422.JPG to KW 31_2018/9 Verschiedenes/P1070422.JPG...
Moving file J:\ALLE\PRESSE\HNA-Transfer Pressemitteilungen\2018\KW 31_2018\9 Verschiedenes\P1070658.JPG to KW 31_2018/9 Verschiedenes/P1070658.JPG...
Moving file J:\ALLE\PRESSE\HNA-Transfer Pressemitteilungen\2018\KW 31_2018\9 Verschiedenes\Riesen-Bärenklau-Wald.odt to KW 31_2018/9 Verschiedenes/Riesen-Bärenklau-Wald.odt...
Bearbeiten KW31
Moving file J:\ALLE\PRESSE\HNA-Transfer Pressemitteilungen\2018\KW 31_2018\0 Titelseite\Gemeindefest2018 - Vorankündigung.pdf to KW 31_2018/0 Titelseite/Gemeindefest2018 - Vorankündigung.pdf...
Moving file J:\ALLE\PRESSE\HNA-Transfer Pressemitteilungen\2018\KW 31_2018\1 Aus dem Rathaus\2018_07_16 ÖA Plakat Start Kinderfeuerwehr Anmeldeverfahren.pdf to KW 31_2018/1 Aus dem Rathaus/2018_07_16 ÖA Plakat Start Kinderfeuerwehr Anmeldeverfahren.pdf...
Moving file J:\ALLE\PRESSE\HNA-Transfer Pressemitteilungen\2018\KW 31_2018\1 Aus dem Rathaus\975 Jahre Ihringhausen.pdf to KW 31_2018/1 Aus dem Rathaus/975 Jahre Ihringhausen.pdf...
Moving file J:\ALLE\PRESSE\HNA-Transfer Pressemitteilungen\2018\KW 31_2018\1 Aus dem Rathaus\chinaPlakat.pdf to KW 31_2018/1 Aus dem Rathaus/chinaPlakat.pdf...
Moving file J:\ALLE\PRESSE\HNA-Transfer Pressemitteilungen\2018\KW 31_2018\1 Aus dem Rathaus\Chroma.pdf to KW 31_2018/1 Aus dem Rathaus/Chroma.pdf...
Moving file J:\ALLE\PRESSE\HNA-Transfer Pressemitteilungen\2018\KW 31_2018\1 Aus dem Rathaus\Maennerfruehstueck15.08.2018.docx to KW 31_2018/1 Aus dem Rathaus/Maennerfruehstueck15.08.2018.docx...
Moving file J:\ALLE\PRESSE\HNA-Transfer Pressemitteilungen\2018\KW 31_2018\1 Aus dem Rathaus\Nutzung der Biobeutel für die Biotonne.doc to KW 31_2018/1 Aus dem Rathaus/Nutzung der Biobeutel für die Biotonne.doc...
Moving file J:\ALLE\PRESSE\HNA-Transfer Pressemitteilungen\2018\KW 31_2018\1 Aus dem Rathaus\Pr-fertige Paesse.docx to KW 31_2018/1 Aus dem Rathaus/Pr-fertige Paesse.docx...
Moving file J:\ALLE\PRESSE\HNA-Transfer Pressemitteilungen\2018\KW 31_2018\1 Aus dem Rathaus\Presse Oeffnungszeiten.docx to KW 31_2018/1 Aus dem Rathaus/Presse Oeffnungszeiten.docx...
Moving file J:\ALLE\PRESSE\HNA-Transfer Pressemitteilungen\2018\KW 31_2018\1 Aus dem Rathaus\Seniorenseite KW 31.docx to KW 31_2018/1 Aus dem Rathaus/Seniorenseite KW 31.docx...
Moving file J:\ALLE\PRESSE\HNA-Transfer Pressemitteilungen\2018\KW 31_2018\1 Aus dem Rathaus\Sommerfest2018.docx to KW 31_2018/1 Aus dem Rathaus/Sommerfest2018.docx...
Moving file J:\ALLE\PRESSE\HNA-Transfer Pressemitteilungen\2018\KW 31_2018\1 Aus dem Rathaus\Statisch08_aktuell.doc to KW 31_2018/1 Aus dem Rathaus/Statisch08_aktuell.doc...
Moving file J:\ALLE\PRESSE\HNA-Transfer Pressemitteilungen\2018\KW 31_2018\1 Aus dem Rathaus\Termine Schadstoffmobil für Fuldatal.doc to KW 31_2018/1 Aus dem Rathaus/Termine Schadstoffmobil für Fuldatal.doc...
Moving file J:\ALLE\PRESSE\HNA-Transfer Pressemitteilungen\2018\KW 31_2018\1 Aus dem Rathaus\Trittsicher92018.docx to KW 31_2018/1 Aus dem Rathaus/Trittsicher92018.docx...
Moving file J:\ALLE\PRESSE\HNA-Transfer Pressemitteilungen\2018\KW 31_2018\1 Aus dem Rathaus\ZRK_LOGO_transparent.jpg to KW 31_2018/1 Aus dem Rathaus/ZRK_LOGO_transparent.jpg...
Moving file J:\ALLE\PRESSE\HNA-Transfer Pressemitteilungen\2018\KW 31_2018\2 Amtliche Bekanntmachungen\20180802_FB2_AB_Wirtschaftsweg_Hilkenberg.pdf to KW 31_2018/2 Amtliche Bekanntmachungen/20180802_FB2_AB_Wirtschaftsweg_Hilkenberg.pdf...
Moving file J:\ALLE\PRESSE\HNA-Transfer Pressemitteilungen\2018\KW 31_2018\2 Amtliche Bekanntmachungen\20180802_FB2_AB_Wirtschaftsweg_Waidberg.pdf to KW 31_2018/2 Amtliche Bekanntmachungen/20180802_FB2_AB_Wirtschaftsweg_Waidberg.pdf...
Moving file J:\ALLE\PRESSE\HNA-Transfer Pressemitteilungen\2018\KW 31_2018\2 Amtliche Bekanntmachungen\Amtliche Bekanntmachung Einziehung Wirtschaftsweg Hilkenberg.docx to KW 31_2018/2 Amtliche Bekanntmachungen/Amtliche Bekanntmachung Einziehung Wirtschaftsweg Hilkenberg.docx...
Moving file J:\ALLE\PRESSE\HNA-Transfer Pressemitteilungen\2018\KW 31_2018\2 Amtliche Bekanntmachungen\Amtliche Bekanntmachung Einziehung Wirtschaftsweg Waidberg.docx to KW 31_2018/2 Amtliche Bekanntmachungen/Amtliche Bekanntmachung Einziehung Wirtschaftsweg Waidberg.docx...
Moving file J:\ALLE\PRESSE\HNA-Transfer Pressemitteilungen\2018\KW 31_2018\2 Amtliche Bekanntmachungen\Hinweisbekanntmachung Satzungen.docx to KW 31_2018/2 Amtliche Bekanntmachungen/Hinweisbekanntmachung Satzungen.docx...
Moving file J:\ALLE\PRESSE\HNA-Transfer Pressemitteilungen\2018\KW 31_2018\2 Amtliche Bekanntmachungen\Hinweisbekanntmachung Sonstige.docx to KW 31_2018/2 Amtliche Bekanntmachungen/Hinweisbekanntmachung Sonstige.docx...
Moving file J:\ALLE\PRESSE\HNA-Transfer Pressemitteilungen\2018\KW 31_2018\2 Amtliche Bekanntmachungen\Wahlbekanntmachung.doc to KW 31_2018/2 Amtliche Bekanntmachungen/Wahlbekanntmachung.doc...
Moving file J:\ALLE\PRESSE\HNA-Transfer Pressemitteilungen\2018\KW 31_2018\4 Wir gratulieren\20180712herr_jub ab 03.08.2018.docx to KW 31_2018/4 Wir gratulieren/20180712herr_jub ab 03.08.2018.docx...
Moving file J:\ALLE\PRESSE\HNA-Transfer Pressemitteilungen\2018\KW 31_2018\5 Bereitschaftsdienste\Bereitschaftsdienst_31_KW_2018.docx to KW 31_2018/5 Bereitschaftsdienste/Bereitschaftsdienst_31_KW_2018.docx...
Moving file J:\ALLE\PRESSE\HNA-Transfer Pressemitteilungen\2018\KW 31_2018\8 Aus Vereinen und Verbaenden\TSV Rothwesten TT.docx to KW 31_2018/8 Aus Vereinen und Verbaenden/TSV Rothwesten TT.docx...
Moving file J:\ALLE\PRESSE\HNA-Transfer Pressemitteilungen\2018\KW 31_2018\9 Verschiedenes\P1070126.JPG to KW 31_2018/9 Verschiedenes/P1070126.JPG...
Moving file J:\ALLE\PRESSE\HNA-Transfer Pressemitteilungen\2018\KW 31_2018\9 Verschiedenes\P1070422.JPG to KW 31_2018/9 Verschiedenes/P1070422.JPG...
Moving file J:\ALLE\PRESSE\HNA-Transfer Pressemitteilungen\2018\KW 31_2018\9 Verschiedenes\P1070658.JPG to KW 31_2018/9 Verschiedenes/P1070658.JPG...
Moving file J:\ALLE\PRESSE\HNA-Transfer Pressemitteilungen\2018\KW 31_2018\9 Verschiedenes\Riesen-Bärenklau-Wald.odt to KW 31_2018/9 Verschiedenes/Riesen-Bärenklau-Wald.odt...
Moving file J:\ALLE\PRESSE\HNA-Transfer Pressemitteilungen\2018\KW 31_2018\9 Verschiedenes\UNITARIER Gemeinde Kassel.docx to KW 31_2018/9 Verschiedenes/UNITARIER Gemeinde Kassel.docx...
Bearbeiten KW31
Moving file J:\ALLE\PRESSE\HNA-Transfer Pressemitteilungen\2018\KW 31_2018\0 Titelseite\Gemeindefest2018 - Vorankündigung.pdf to KW 31_2018/0 Titelseite/Gemeindefest2018 - Vorankündigung.pdf...
Moving file J:\ALLE\PRESSE\HNA-Transfer Pressemitteilungen\2018\KW 31_2018\1 Aus dem Rathaus\2018_07_16 ÖA Plakat Start Kinderfeuerwehr Anmeldeverfahren.pdf to KW 31_2018/1 Aus dem Rathaus/2018_07_16 ÖA Plakat Start Kinderfeuerwehr Anmeldeverfahren.pdf...
Moving file J:\ALLE\PRESSE\HNA-Transfer Pressemitteilungen\2018\KW 31_2018\1 Aus dem Rathaus\975 Jahre Ihringhausen.pdf to KW 31_2018/1 Aus dem Rathaus/975 Jahre Ihringhausen.pdf...
Moving file J:\ALLE\PRESSE\HNA-Transfer Pressemitteilungen\2018\KW 31_2018\1 Aus dem Rathaus\chinaPlakat.pdf to KW 31_2018/1 Aus dem Rathaus/chinaPlakat.pdf...
Moving file J:\ALLE\PRESSE\HNA-Transfer Pressemitteilungen\2018\KW 31_2018\1 Aus dem Rathaus\Chroma.pdf to KW 31_2018/1 Aus dem Rathaus/Chroma.pdf...
Moving file J:\ALLE\PRESSE\HNA-Transfer Pressemitteilungen\2018\KW 31_2018\1 Aus dem Rathaus\Foki.pdf to KW 31_2018/1 Aus dem Rathaus/Foki.pdf...
Moving file J:\ALLE\PRESSE\HNA-Transfer Pressemitteilungen\2018\KW 31_2018\1 Aus dem Rathaus\Maennerfruehstueck15.08.2018.docx to KW 31_2018/1 Aus dem Rathaus/Maennerfruehstueck15.08.2018.docx...
Moving file J:\ALLE\PRESSE\HNA-Transfer Pressemitteilungen\2018\KW 31_2018\1 Aus dem Rathaus\Nutzung der Biobeutel für die Biotonne.doc to KW 31_2018/1 Aus dem Rathaus/Nutzung der Biobeutel für die Biotonne.doc...
Moving file J:\ALLE\PRESSE\HNA-Transfer Pressemitteilungen\2018\KW 31_2018\1 Aus dem Rathaus\Pr-fertige Paesse.docx to KW 31_2018/1 Aus dem Rathaus/Pr-fertige Paesse.docx...
Moving file J:\ALLE\PRESSE\HNA-Transfer Pressemitteilungen\2018\KW 31_2018\1 Aus dem Rathaus\Presse Oeffnungszeiten.docx to KW 31_2018/1 Aus dem Rathaus/Presse Oeffnungszeiten.docx...
Moving file J:\ALLE\PRESSE\HNA-Transfer Pressemitteilungen\2018\KW 31_2018\1 Aus dem Rathaus\Seniorenseite KW 31.docx to KW 31_2018/1 Aus dem Rathaus/Seniorenseite KW 31.docx...
Moving file J:\ALLE\PRESSE\HNA-Transfer Pressemitteilungen\2018\KW 31_2018\1 Aus dem Rathaus\Sommerfest2018.docx to KW 31_2018/1 Aus dem Rathaus/Sommerfest2018.docx...
Moving file J:\ALLE\PRESSE\HNA-Transfer Pressemitteilungen\2018\KW 31_2018\1 Aus dem Rathaus\Statisch08_aktuell.doc to KW 31_2018/1 Aus dem Rathaus/Statisch08_aktuell.doc...
Moving file J:\ALLE\PRESSE\HNA-Transfer Pressemitteilungen\2018\KW 31_2018\1 Aus dem Rathaus\Termine Schadstoffmobil für Fuldatal.doc to KW 31_2018/1 Aus dem Rathaus/Termine Schadstoffmobil für Fuldatal.doc...
Moving file J:\ALLE\PRESSE\HNA-Transfer Pressemitteilungen\2018\KW 31_2018\1 Aus dem Rathaus\Trittsicher92018.docx to KW 31_2018/1 Aus dem Rathaus/Trittsicher92018.docx...
Moving file J:\ALLE\PRESSE\HNA-Transfer Pressemitteilungen\2018\KW 31_2018\1 Aus dem Rathaus\ZRK_LOGO_transparent.jpg to KW 31_2018/1 Aus dem Rathaus/ZRK_LOGO_transparent.jpg...
Moving file J:\ALLE\PRESSE\HNA-Transfer Pressemitteilungen\2018\KW 31_2018\2 Amtliche Bekanntmachungen\20180802_FB2_AB_Wirtschaftsweg_Hilkenberg.pdf to KW 31_2018/2 Amtliche Bekanntmachungen/20180802_FB2_AB_Wirtschaftsweg_Hilkenberg.pdf...
Moving file J:\ALLE\PRESSE\HNA-Transfer Pressemitteilungen\2018\KW 31_2018\2 Amtliche Bekanntmachungen\20180802_FB2_AB_Wirtschaftsweg_Waidberg.pdf to KW 31_2018/2 Amtliche Bekanntmachungen/20180802_FB2_AB_Wirtschaftsweg_Waidberg.pdf...
Moving file J:\ALLE\PRESSE\HNA-Transfer Pressemitteilungen\2018\KW 31_2018\2 Amtliche Bekanntmachungen\20180802_FB3_AB_Wahlbekanntmachung.pdf to KW 31_2018/2 Amtliche Bekanntmachungen/20180802_FB3_AB_Wahlbekanntmachung.pdf...
Moving file J:\ALLE\PRESSE\HNA-Transfer Pressemitteilungen\2018\KW 31_2018\2 Amtliche Bekanntmachungen\Amtliche Bekanntmachung Einziehung Wirtschaftsweg Hilkenberg.docx to KW 31_2018/2 Amtliche Bekanntmachungen/Amtliche Bekanntmachung Einziehung Wirtschaftsweg Hilkenberg.docx...
Moving file J:\ALLE\PRESSE\HNA-Transfer Pressemitteilungen\2018\KW 31_2018\2 Amtliche Bekanntmachungen\Amtliche Bekanntmachung Einziehung Wirtschaftsweg Waidberg.docx to KW 31_2018/2 Amtliche Bekanntmachungen/Amtliche Bekanntmachung Einziehung Wirtschaftsweg Waidberg.docx...
Moving file J:\ALLE\PRESSE\HNA-Transfer Pressemitteilungen\2018\KW 31_2018\2 Amtliche Bekanntmachungen\Hinweisbekanntmachung Satzungen.docx to KW 31_2018/2 Amtliche Bekanntmachungen/Hinweisbekanntmachung Satzungen.docx...
Moving file J:\ALLE\PRESSE\HNA-Transfer Pressemitteilungen\2018\KW 31_2018\2 Amtliche Bekanntmachungen\Hinweisbekanntmachung Sonstige.docx to KW 31_2018/2 Amtliche Bekanntmachungen/Hinweisbekanntmachung Sonstige.docx...
Moving file J:\ALLE\PRESSE\HNA-Transfer Pressemitteilungen\2018\KW 31_2018\2 Amtliche Bekanntmachungen\Wahlbekanntmachung.doc to KW 31_2018/2 Amtliche Bekanntmachungen/Wahlbekanntmachung.doc...
Moving file J:\ALLE\PRESSE\HNA-Transfer Pressemitteilungen\2018\KW 31_2018\4 Wir gratulieren\20180712herr_jub ab 03.08.2018.docx to KW 31_2018/4 Wir gratulieren/20180712herr_jub ab 03.08.2018.docx...
Moving file J:\ALLE\PRESSE\HNA-Transfer Pressemitteilungen\2018\KW 31_2018\5 Bereitschaftsdienste\Bereitschaftsdienst_31_KW_2018.docx to KW 31_2018/5 Bereitschaftsdienste/Bereitschaftsdienst_31_KW_2018.docx...
Moving file J:\ALLE\PRESSE\HNA-Transfer Pressemitteilungen\2018\KW 31_2018\8 Aus Vereinen und Verbaenden\3555.fa18.docx to KW 31_2018/8 Aus Vereinen und Verbaenden/3555.fa18.docx...
Moving file J:\ALLE\PRESSE\HNA-Transfer Pressemitteilungen\2018\KW 31_2018\8 Aus Vereinen und Verbaenden\TSV Rothwesten TT.docx to KW 31_2018/8 Aus Vereinen und Verbaenden/TSV Rothwesten TT.docx...
Moving file J:\ALLE\PRESSE\HNA-Transfer Pressemitteilungen\2018\KW 31_2018\9 Verschiedenes\P1070126.JPG to KW 31_2018/9 Verschiedenes/P1070126.JPG...
Moving file J:\ALLE\PRESSE\HNA-Transfer Pressemitteilungen\2018\KW 31_2018\9 Verschiedenes\P1070422.JPG to KW 31_2018/9 Verschiedenes/P1070422.JPG...
Moving file J:\ALLE\PRESSE\HNA-Transfer Pressemitteilungen\2018\KW 31_2018\9 Verschiedenes\P1070658.JPG to KW 31_2018/9 Verschiedenes/P1070658.JPG...
Moving file J:\ALLE\PRESSE\HNA-Transfer Pressemitteilungen\2018\KW 31_2018\9 Verschiedenes\Riesen-Bärenklau-Wald.odt to KW 31_2018/9 Verschiedenes/Riesen-Bärenklau-Wald.odt...
Moving file J:\ALLE\PRESSE\HNA-Transfer Pressemitteilungen\2018\KW 31_2018\9 Verschiedenes\UNITARIER Gemeinde Kassel.docx to KW 31_2018/9 Verschiedenes/UNITARIER Gemeinde Kassel.docx...
