Bearbeiten KW32
Moving file J:\ALLE\PRESSE\HNA-Transfer Pressemitteilungen\2018\KW 32_2018\0 Titelseite\975 Jahre Ihringhausen.pdf to KW 32_2018/0 Titelseite/975 Jahre Ihringhausen.pdf...
Moving file J:\ALLE\PRESSE\HNA-Transfer Pressemitteilungen\2018\KW 32_2018\1 Aus dem Rathaus\2018_07_16 ÖA Plakat Start Kinderfeuerwehr Anmeldeverfahren.pdf to KW 32_2018/1 Aus dem Rathaus/2018_07_16 ÖA Plakat Start Kinderfeuerwehr Anmeldeverfahren.pdf...
Moving file J:\ALLE\PRESSE\HNA-Transfer Pressemitteilungen\2018\KW 32_2018\1 Aus dem Rathaus\chinaPlakat.pdf to KW 32_2018/1 Aus dem Rathaus/chinaPlakat.pdf...
Moving file J:\ALLE\PRESSE\HNA-Transfer Pressemitteilungen\2018\KW 32_2018\1 Aus dem Rathaus\Chroma.pdf to KW 32_2018/1 Aus dem Rathaus/Chroma.pdf...
Moving file J:\ALLE\PRESSE\HNA-Transfer Pressemitteilungen\2018\KW 32_2018\1 Aus dem Rathaus\Gemeindefest2018 - Vorankündigung.pdf to KW 32_2018/1 Aus dem Rathaus/Gemeindefest2018 - Vorankündigung.pdf...
Moving file J:\ALLE\PRESSE\HNA-Transfer Pressemitteilungen\2018\KW 32_2018\1 Aus dem Rathaus\Maennerfruehstueck15.08.2018.docx to KW 32_2018/1 Aus dem Rathaus/Maennerfruehstueck15.08.2018.docx...
Moving file J:\ALLE\PRESSE\HNA-Transfer Pressemitteilungen\2018\KW 32_2018\1 Aus dem Rathaus\Presse Oeffnungszeiten.docx to KW 32_2018/1 Aus dem Rathaus/Presse Oeffnungszeiten.docx...
Moving file J:\ALLE\PRESSE\HNA-Transfer Pressemitteilungen\2018\KW 32_2018\1 Aus dem Rathaus\PresseSOSRettungsdose.docx to KW 32_2018/1 Aus dem Rathaus/PresseSOSRettungsdose.docx...
Moving file J:\ALLE\PRESSE\HNA-Transfer Pressemitteilungen\2018\KW 32_2018\1 Aus dem Rathaus\Sommerfest2018.docx to KW 32_2018/1 Aus dem Rathaus/Sommerfest2018.docx...
Moving file J:\ALLE\PRESSE\HNA-Transfer Pressemitteilungen\2018\KW 32_2018\1 Aus dem Rathaus\WirsuchenFahrerneu.docx to KW 32_2018/1 Aus dem Rathaus/WirsuchenFahrerneu.docx...
Bearbeiten KW32
Moving file J:\ALLE\PRESSE\HNA-Transfer Pressemitteilungen\2018\KW 32_2018\1 Aus dem Rathaus\180731_Artikel_Fuldatal Jumpers Mentorensuche.pdf to KW 32_2018/1 Aus dem Rathaus/180731_Artikel_Fuldatal Jumpers Mentorensuche.pdf...
Moving file J:\ALLE\PRESSE\HNA-Transfer Pressemitteilungen\2018\KW 32_2018\1 Aus dem Rathaus\2018_07_16 ÖA Plakat Start Kinderfeuerwehr Anmeldeverfahren.pdf to KW 32_2018/1 Aus dem Rathaus/2018_07_16 ÖA Plakat Start Kinderfeuerwehr Anmeldeverfahren.pdf...
Moving file J:\ALLE\PRESSE\HNA-Transfer Pressemitteilungen\2018\KW 32_2018\1 Aus dem Rathaus\975 Jahre Ihringhausen.pdf to KW 32_2018/1 Aus dem Rathaus/975 Jahre Ihringhausen.pdf...
Moving file J:\ALLE\PRESSE\HNA-Transfer Pressemitteilungen\2018\KW 32_2018\1 Aus dem Rathaus\abbildung_verkehrsbefragung.jpg to KW 32_2018/1 Aus dem Rathaus/abbildung_verkehrsbefragung.jpg...
Moving file J:\ALLE\PRESSE\HNA-Transfer Pressemitteilungen\2018\KW 32_2018\1 Aus dem Rathaus\Bergfest Rothwesten.PDF to KW 32_2018/1 Aus dem Rathaus/Bergfest Rothwesten.PDF...
Moving file J:\ALLE\PRESSE\HNA-Transfer Pressemitteilungen\2018\KW 32_2018\1 Aus dem Rathaus\chinaPlakat.pdf to KW 32_2018/1 Aus dem Rathaus/chinaPlakat.pdf...
Moving file J:\ALLE\PRESSE\HNA-Transfer Pressemitteilungen\2018\KW 32_2018\1 Aus dem Rathaus\Chroma.pdf to KW 32_2018/1 Aus dem Rathaus/Chroma.pdf...
Moving file J:\ALLE\PRESSE\HNA-Transfer Pressemitteilungen\2018\KW 32_2018\1 Aus dem Rathaus\Foki.pdf to KW 32_2018/1 Aus dem Rathaus/Foki.pdf...
Moving file J:\ALLE\PRESSE\HNA-Transfer Pressemitteilungen\2018\KW 32_2018\1 Aus dem Rathaus\Gemeindefest2018 - Vorankündigung.pdf to KW 32_2018/1 Aus dem Rathaus/Gemeindefest2018 - Vorankündigung.pdf...
Moving file J:\ALLE\PRESSE\HNA-Transfer Pressemitteilungen\2018\KW 32_2018\1 Aus dem Rathaus\KonzertMarienbasilika.docx to KW 32_2018/1 Aus dem Rathaus/KonzertMarienbasilika.docx...
Moving file J:\ALLE\PRESSE\HNA-Transfer Pressemitteilungen\2018\KW 32_2018\1 Aus dem Rathaus\Maennerfruehstueck15.08.2018.docx to KW 32_2018/1 Aus dem Rathaus/Maennerfruehstueck15.08.2018.docx...
Moving file J:\ALLE\PRESSE\HNA-Transfer Pressemitteilungen\2018\KW 32_2018\1 Aus dem Rathaus\Nächster geöffneter Samstag der Entsorgungszentren.doc to KW 32_2018/1 Aus dem Rathaus/Nächster geöffneter Samstag der Entsorgungszentren.doc...
Moving file J:\ALLE\PRESSE\HNA-Transfer Pressemitteilungen\2018\KW 32_2018\1 Aus dem Rathaus\PM 20180908  Mädchenbus.docx to KW 32_2018/1 Aus dem Rathaus/PM 20180908  Mädchenbus.docx...
Moving file J:\ALLE\PRESSE\HNA-Transfer Pressemitteilungen\2018\KW 32_2018\1 Aus dem Rathaus\Pr-fertige Paesse.docx to KW 32_2018/1 Aus dem Rathaus/Pr-fertige Paesse.docx...
Moving file J:\ALLE\PRESSE\HNA-Transfer Pressemitteilungen\2018\KW 32_2018\1 Aus dem Rathaus\Presse Oeffnungszeiten.docx to KW 32_2018/1 Aus dem Rathaus/Presse Oeffnungszeiten.docx...
Moving file J:\ALLE\PRESSE\HNA-Transfer Pressemitteilungen\2018\KW 32_2018\1 Aus dem Rathaus\PresseSOSRettungsdose.docx to KW 32_2018/1 Aus dem Rathaus/PresseSOSRettungsdose.docx...
Moving file J:\ALLE\PRESSE\HNA-Transfer Pressemitteilungen\2018\KW 32_2018\1 Aus dem Rathaus\Sommerfest2018.docx to KW 32_2018/1 Aus dem Rathaus/Sommerfest2018.docx...
Moving file J:\ALLE\PRESSE\HNA-Transfer Pressemitteilungen\2018\KW 32_2018\1 Aus dem Rathaus\SrV_2018.docx to KW 32_2018/1 Aus dem Rathaus/SrV_2018.docx...
Moving file J:\ALLE\PRESSE\HNA-Transfer Pressemitteilungen\2018\KW 32_2018\1 Aus dem Rathaus\WirsuchenFahrerneu.docx to KW 32_2018/1 Aus dem Rathaus/WirsuchenFahrerneu.docx...
Moving file J:\ALLE\PRESSE\HNA-Transfer Pressemitteilungen\2018\KW 32_2018\1 Aus dem Rathaus\ZRK_LOGO_transparent.jpg to KW 32_2018/1 Aus dem Rathaus/ZRK_LOGO_transparent.jpg...
Moving file J:\ALLE\PRESSE\HNA-Transfer Pressemitteilungen\2018\KW 32_2018\4 Wir gratulieren\20180712Eck_jub ab 10.08.2018.docx to KW 32_2018/4 Wir gratulieren/20180712Eck_jub ab 10.08.2018.docx...
Moving file J:\ALLE\PRESSE\HNA-Transfer Pressemitteilungen\2018\KW 32_2018\4 Wir gratulieren\20180712herr_jub ab 27.07.2018.docx to KW 32_2018/4 Wir gratulieren/20180712herr_jub ab 27.07.2018.docx...
Moving file J:\ALLE\PRESSE\HNA-Transfer Pressemitteilungen\2018\KW 32_2018\5 Bereitschaftsdienste\Bereitschaftsdienst_32_KW_2018.docx to KW 32_2018/5 Bereitschaftsdienste/Bereitschaftsdienst_32_KW_2018.docx...
